==40456== Memcheck, a memory error detector
==40456== Copyright (C) 2002-2017, and GNU GPL'd, by Julian Seward et al.
==40456== Using Valgrind-3.18.1 and LibVEX; rerun with -h for copyright info
==40456== Command: ./minishell
==40456== Parent PID: 35234
==40456== 
==40456== 
==40456== HEAP SUMMARY:
==40456==     in use at exit: 323 bytes in 19 blocks
==40456==   total heap usage: 22 allocs, 3 frees, 1,486 bytes allocated
==40456== 
==40456== 3 bytes in 1 blocks are indirectly lost in loss record 1 of 6
==40456==    at 0x4848899: malloc (in /usr/libexec/valgrind/vgpreload_memcheck-amd64-linux.so)
==40456==    by 0x496C58E: strdup (strdup.c:42)
==40456==    by 0x1094B5: main (in /nfs/homes/vpaliash/Documents/minishell/minishell)
==40456== 
==40456== 4 bytes in 1 blocks are definitely lost in loss record 2 of 6
==40456==    at 0x4848899: malloc (in /usr/libexec/valgrind/vgpreload_memcheck-amd64-linux.so)
==40456==    by 0x109DA0: ft_strjoin (in /nfs/homes/vpaliash/Documents/minishell/minishell)
==40456==    by 0x109E4A: build_candidate_path (in /nfs/homes/vpaliash/Documents/minishell/minishell)
==40456==    by 0x109F6B: find_path (in /nfs/homes/vpaliash/Documents/minishell/minishell)
==40456==    by 0x10A2EC: execute (in /nfs/homes/vpaliash/Documents/minishell/minishell)
==40456==    by 0x1094DD: main (in /nfs/homes/vpaliash/Documents/minishell/minishell)
==40456== 
==40456== 19 (16 direct, 3 indirect) bytes in 1 blocks are definitely lost in loss record 3 of 6
==40456==    at 0x4848899: malloc (in /usr/libexec/valgrind/vgpreload_memcheck-amd64-linux.so)
==40456==    by 0x109495: main (in /nfs/homes/vpaliash/Documents/minishell/minishell)
==40456== 
==40456== 89 bytes in 5 blocks are definitely lost in loss record 4 of 6
==40456==    at 0x4848899: malloc (in /usr/libexec/valgrind/vgpreload_memcheck-amd64-linux.so)
==40456==    by 0x109DA0: ft_strjoin (in /nfs/homes/vpaliash/Documents/minishell/minishell)
==40456==    by 0x109E7B: build_candidate_path (in /nfs/homes/vpaliash/Documents/minishell/minishell)
==40456==    by 0x109F6B: find_path (in /nfs/homes/vpaliash/Documents/minishell/minishell)
==40456==    by 0x10A2EC: execute (in /nfs/homes/vpaliash/Documents/minishell/minishell)
==40456==    by 0x1094DD: main (in /nfs/homes/vpaliash/Documents/minishell/minishell)
==40456== 
==40456== 123 bytes in 10 blocks are indirectly lost in loss record 5 of 6
==40456==    at 0x4848899: malloc (in /usr/libexec/valgrind/vgpreload_memcheck-amd64-linux.so)
==40456==    by 0x10A169: fill_tokens (in /nfs/homes/vpaliash/Documents/minishell/minishell)
==40456==    by 0x10A281: ft_split (in /nfs/homes/vpaliash/Documents/minishell/minishell)
==40456==    by 0x109E5F: build_candidate_path (in /nfs/homes/vpaliash/Documents/minishell/minishell)
==40456==    by 0x109F6B: find_path (in /nfs/homes/vpaliash/Documents/minishell/minishell)
==40456==    by 0x10A2EC: execute (in /nfs/homes/vpaliash/Documents/minishell/minishell)
==40456==    by 0x1094DD: main (in /nfs/homes/vpaliash/Documents/minishell/minishell)
==40456== 
==40456== 211 (88 direct, 123 indirect) bytes in 1 blocks are definitely lost in loss record 6 of 6
==40456==    at 0x4848899: malloc (in /usr/libexec/valgrind/vgpreload_memcheck-amd64-linux.so)
==40456==    by 0x10A259: ft_split (in /nfs/homes/vpaliash/Documents/minishell/minishell)
==40456==    by 0x109E5F: build_candidate_path (in /nfs/homes/vpaliash/Documents/minishell/minishell)
==40456==    by 0x109F6B: find_path (in /nfs/homes/vpaliash/Documents/minishell/minishell)
==40456==    by 0x10A2EC: execute (in /nfs/homes/vpaliash/Documents/minishell/minishell)
==40456==    by 0x1094DD: main (in /nfs/homes/vpaliash/Documents/minishell/minishell)
==40456== 
==40456== LEAK SUMMARY:
==40456==    definitely lost: 197 bytes in 8 blocks
==40456==    indirectly lost: 126 bytes in 11 blocks
==40456==      possibly lost: 0 bytes in 0 blocks
==40456==    still reachable: 0 bytes in 0 blocks
==40456==         suppressed: 0 bytes in 0 blocks
==40456== 
==40456== For lists of detected and suppressed errors, rerun with: -s
==40456== ERROR SUMMARY: 4 errors from 4 contexts (suppressed: 0 from 0)
